\BOOKMARK [0][-]{chapter.1}{Reti di calcolatori e internet}{}% 1
\BOOKMARK [1][-]{section.1.1}{Che cos'\350 internet?}{chapter.1}% 2
\BOOKMARK [2][-]{subsection.1.1.1}{Una descrizione pratica}{section.1.1}% 3
\BOOKMARK [2][-]{subsection.1.1.2}{Descrizione del servizio}{section.1.1}% 4
\BOOKMARK [2][-]{subsection.1.1.3}{Che cos'\350 un protocollo?}{section.1.1}% 5
\BOOKMARK [1][-]{section.1.2}{La sezione di accesso alla rete}{chapter.1}% 6
\BOOKMARK [2][-]{subsection.1.2.1}{Terminali, client e server}{section.1.2}% 7
\BOOKMARK [2][-]{subsection.1.2.2}{Servizio senza connessione e servizio orientato alla connessione}{section.1.2}% 8
\BOOKMARK [1][-]{section.1.3}{Il nucleo della rete}{chapter.1}% 9
\BOOKMARK [2][-]{subsection.1.3.1}{Commutazione di circuito e commutazione di pacchetto}{section.1.3}% 10
\BOOKMARK [2][-]{subsection.1.3.2}{Commutazione di circuito}{section.1.3}% 11
\BOOKMARK [1][-]{section.1.4}{Accesso alla rete e mezzi trasmissivi}{chapter.1}% 12
\BOOKMARK [2][-]{subsection.1.4.1}{Accesso alla rete}{section.1.4}% 13
\BOOKMARK [2][-]{subsection.1.4.2}{Mezzi fisici}{section.1.4}% 14
\BOOKMARK [1][-]{section.1.5}{Gli ISP e la rete dorsale di internet}{chapter.1}% 15
\BOOKMARK [1][-]{section.1.6}{Ritardi e perdite nelle reti a commutazione di pacchetto}{chapter.1}% 16
\BOOKMARK [2][-]{subsection.1.6.1}{Tipi di ritardo}{section.1.6}% 17
\BOOKMARK [2][-]{subsection.1.6.2}{Ritardo di coda e perdita di pacchetti}{section.1.6}% 18
\BOOKMARK [2][-]{subsection.1.6.3}{Ritardo end-to-end}{section.1.6}% 19
\BOOKMARK [2][-]{subsection.1.6.4}{Riassunto del calcolo dei ritardi}{section.1.6}% 20
\BOOKMARK [1][-]{section.1.7}{Strati protocollari}{chapter.1}% 21
\BOOKMARK [2][-]{subsection.1.7.1}{Architettura stratificata}{section.1.7}% 22
\BOOKMARK [2][-]{subsection.1.7.2}{La pila protocollare di internet}{section.1.7}% 23
\BOOKMARK [2][-]{subsection.1.7.3}{Incapsulamento}{section.1.7}% 24
\BOOKMARK [0][-]{chapter.2}{Livello di trasporto}{}% 25
\BOOKMARK [1][-]{section.2.1}{Introduzione e servizio dello strato di trasporto}{chapter.2}% 26
\BOOKMARK [2][-]{subsection.2.1.1}{Relazione fra gli strati di trasporto e di rete}{section.2.1}% 27
\BOOKMARK [2][-]{subsection.2.1.2}{Panoramica dello strato di trasporto in internet}{section.2.1}% 28
\BOOKMARK [1][-]{section.2.2}{Multiplexing e demultiplexing}{chapter.2}% 29
\BOOKMARK [2][-]{subsection.2.2.1}{Multiplazione e demultiplazione orientate alla connesione}{section.2.2}% 30
\BOOKMARK [1][-]{section.2.3}{Trasporto senza connessione: UDP}{chapter.2}% 31
\BOOKMARK [2][-]{subsection.2.3.1}{Struttura del segmento UDP}{section.2.3}% 32
\BOOKMARK [2][-]{subsection.2.3.2}{Checksum di UDP}{section.2.3}% 33
\BOOKMARK [1][-]{section.2.4}{Principi di un trasferimento affidabile dei dati}{chapter.2}% 34
\BOOKMARK [2][-]{subsection.2.4.1}{Costruzione di un protocollo per il trasferimento affidabile dei dati}{section.2.4}% 35
\BOOKMARK [2][-]{subsection.2.4.2}{Protocolli pipeline per il trasferimento affidabile dei dati}{section.2.4}% 36
\BOOKMARK [2][-]{subsection.2.4.3}{Go-Back-N \(GBN\)}{section.2.4}% 37
\BOOKMARK [2][-]{subsection.2.4.4}{Ripetizione selettiva \(SR\)}{section.2.4}% 38
\BOOKMARK [1][-]{section.2.5}{Trasporto orientato alla connessione: TCP}{chapter.2}% 39
\BOOKMARK [2][-]{subsection.2.5.1}{La connessione TCP}{section.2.5}% 40
\BOOKMARK [2][-]{subsection.2.5.2}{Struttura del segmento TCP}{section.2.5}% 41
\BOOKMARK [2][-]{subsection.2.5.3}{Trasferimento affidabile dei dati}{section.2.5}% 42
\BOOKMARK [2][-]{subsection.2.5.4}{Controllo di flusso}{section.2.5}% 43
\BOOKMARK [2][-]{subsection.2.5.5}{Gestione della connessione TCP}{section.2.5}% 44
\BOOKMARK [1][-]{section.2.6}{Principi del controllo della congestione}{chapter.2}% 45
\BOOKMARK [2][-]{subsection.2.6.1}{Le cause e i costi della congestione}{section.2.6}% 46
\BOOKMARK [1][-]{section.2.7}{Controllo della congestione del TCP}{chapter.2}% 47
\BOOKMARK [2][-]{subsection.2.7.1}{Fairness}{section.2.7}% 48
\BOOKMARK [0][-]{chapter.3}{Livello di rete: piano dei dati}{}% 49
\BOOKMARK [1][-]{section.3.1}{Introduzione}{chapter.3}% 50
\BOOKMARK [2][-]{subsection.3.1.1}{Forwarding e Routing}{section.3.1}% 51
\BOOKMARK [2][-]{subsection.3.1.2}{Modelli di servizio di network}{section.3.1}% 52
\BOOKMARK [1][-]{section.3.2}{Il protocollo di internet \(IP\): forwarding e indirizzamento \(addressing\) in internet}{chapter.3}% 53
\BOOKMARK [2][-]{subsection.3.2.1}{Formato dei datagrammi IPv4}{section.3.2}% 54
\BOOKMARK [2][-]{subsection.3.2.2}{Frammentazione dei datagrammi IPv4}{section.3.2}% 55
\BOOKMARK [2][-]{subsection.3.2.3}{Indirizzamento IPv4}{section.3.2}% 56
\BOOKMARK [2][-]{subsection.3.2.4}{NAT \(network address translation}{section.3.2}% 57
\BOOKMARK [0][-]{chapter.4}{Livello di rete: piano di controllo}{}% 58
\BOOKMARK [1][-]{section.4.1}{Algoritmi di instradamento}{chapter.4}% 59
\BOOKMARK [2][-]{subsection.4.1.1}{Instradamento link-state \(LS\)}{section.4.1}% 60
\BOOKMARK [2][-]{subsection.4.1.2}{Instradamento distance-vector \(DV\)}{section.4.1}% 61
\BOOKMARK [1][-]{section.4.2}{ICMP \(Internet Control Message Protocol}{chapter.4}% 62
\BOOKMARK [0][-]{chapter.5}{Livello di collegamento e reti locali}{}% 63
\BOOKMARK [1][-]{section.5.1}{Livello di collegamento: introduzione}{chapter.5}% 64
\BOOKMARK [2][-]{subsection.5.1.1}{Servizi offerti dal livello di collegamento}{section.5.1}% 65
\BOOKMARK [2][-]{subsection.5.1.2}{Dov'\350 implementato il livello di collegamento}{section.5.1}% 66
\BOOKMARK [1][-]{section.5.2}{Tecniche di rilevazione e correzione degli errori}{chapter.5}% 67
\BOOKMARK [2][-]{subsection.5.2.1}{Controllo di parit\340}{section.5.2}% 68
\BOOKMARK [2][-]{subsection.5.2.2}{Checksum}{section.5.2}% 69
\BOOKMARK [2][-]{subsection.5.2.3}{Controllo a ridondanza ciclica \(CRC\)}{section.5.2}% 70
\BOOKMARK [1][-]{section.5.3}{Collegamenti broadcast e protocolli di accesso multiplo}{chapter.5}% 71
\BOOKMARK [2][-]{subsection.5.3.1}{Protocolli a suddivisione del canale}{section.5.3}% 72
\BOOKMARK [2][-]{subsection.5.3.2}{Protocolli ad accesso casuale}{section.5.3}% 73
\BOOKMARK [2][-]{subsection.5.3.3}{Protocolli a rotazione}{section.5.3}% 74
\BOOKMARK [1][-]{section.5.4}{Reti locali commutate}{chapter.5}% 75
\BOOKMARK [2][-]{subsection.5.4.1}{Indirizzi a livello di collegamento e ARP}{section.5.4}% 76
\BOOKMARK [2][-]{subsection.5.4.2}{Ethernet}{section.5.4}% 77
\BOOKMARK [2][-]{subsection.5.4.3}{Switch a livello di collegamento}{section.5.4}% 78
\BOOKMARK [2][-]{subsection.5.4.4}{LAN virtuali \(VLAN\)}{section.5.4}% 79
\BOOKMARK [0][-]{chapter.6}{Reti mobili e wireless}{}% 80
\BOOKMARK [1][-]{section.6.1}{Introduzione}{chapter.6}% 81
\BOOKMARK [1][-]{section.6.2}{Collegamenti wireless e caratteristiche di rete}{chapter.6}% 82
\BOOKMARK [1][-]{section.6.3}{Wi-Fi: LAN wireless 802.11}{chapter.6}% 83
\BOOKMARK [2][-]{subsection.6.3.1}{Architettura di 802.11}{section.6.3}% 84
\BOOKMARK [2][-]{subsection.6.3.2}{Protocollo MAC di 802.11}{section.6.3}% 85
\BOOKMARK [2][-]{subsection.6.3.3}{Pacchetto IEEE 802.11}{section.6.3}% 86
\BOOKMARK [2][-]{subsection.6.3.4}{Mobilit\340 all'interno di una sottorete IP}{section.6.3}% 87
\BOOKMARK [2][-]{subsection.6.3.5}{Funzionalit\340 avanzate di 802.11}{section.6.3}% 88
\BOOKMARK [0][-]{chapter.7}{Formulario}{}% 89
\BOOKMARK [1][-]{section.7.1}{Introduzione}{chapter.7}% 90
\BOOKMARK [1][-]{section.7.2}{Livello di trasporto}{chapter.7}% 91
\BOOKMARK [1][-]{section.7.3}{Livello di collegamento}{chapter.7}% 92
